29/Mar/2023 16:39:04  Electrostatic Solver
                      
                      ------------------------------------------------------------------------------
29/Mar/2023 16:39:04  Units settings: 
                      
                        Dimensions: m
                        Frequency:  Hz
                      
                      ------------------------------------------------------------------------------
29/Mar/2023 16:39:04  Boundary conditions: 
                      
                        YZsymmetry: none
                        XZsymmetry: none
                        XYsymmetry: none
                      
                        Xmin: open
                        Xmax: open
                      
                        Ymin: open
                        Ymax: open
                      
                        Zmin: open
                        Zmax: open
                      
                      ------------------------------------------------------------------------------
29/Mar/2023 16:39:05  *** Warning ***
                      
                      This software is licensed for personal and educational purposes only.
                      
                      ------------------------------------------------------------------------------
29/Mar/2023 16:39:08  Solver started at: 04:39 PM Wednesday, 29. March 2023 (中国标准时间)
                      
                        Module:  Electrostatic Solver (Win 64)
                        Version: 2022.4 Release from 2022-04-26 (change 967892)
                      
                        Hardware:
                           Computer name: DESKTOP-HGCVIF2
                      
                      ------------------------------------------------------------------------------
29/Mar/2023 16:39:08  Solver order = 2
                      
                      
                      ------------------------------------------------------------------------------
29/Mar/2023 16:39:09  Detected 3 independent conductive sets.
29/Mar/2023 16:39:09  Desired accuracy = 1.0e-0629/Mar/2023 16:39:09  
                      
                      
                      ------------------------------------------------------------------------------
29/Mar/2023 16:39:09  Using mesh with curved elements order: 3
                      
                      
                      ------------------------------------------------------------------------------
29/Mar/2023 16:39:09  Adaptive Computation
                      
                      ------------------------------------------------------------------------------
29/Mar/2023 16:39:09  Pass 1: 
                      
                      ------------------------------------------------------------------------------
29/Mar/2023 16:39:11  Pass 2: 
                      
                      ------------------------------------------------------------------------------
29/Mar/2023 16:39:11  Marked 964 of 9764 for refinement.29/Mar/2023 16:39:13  Refinement successful
29/Mar/2023 16:39:18  Solver Timing Statistics: (last run)
                      
                        Mesh generation:                  0d :  0h :  0m :  3s
                        Initialization and data import:   0d :  0h :  0m :  0s
                        Assembling process:               0d :  0h :  0m :  1s
                        Linear solver:                    0d :  0h :  0m :  0s
                        Post-processing:                  0d :  0h :  0m :  1s
                                                       --------------------------
                        Total time:                       0d :  0h :  0m :  6s
                      
                        Number of threads used:           1024 
                      
                      
                      
                      ------------------------------------------------------------------------------
29/Mar/2023 16:39:18  Total simulation time (all mesh adaptation runs) 0d :  0h :  0m :  5s
                      
                      
                      ------------------------------------------------------------------------------
29/Mar/2023 16:39:18  Solver Size Statistics:
                      
                        Number of mesh cells:         16684 
                        Number of unknowns:           24222
                      
                      ------------------------------------------------------------------------------
29/Mar/2023 16:39:18  Linear Solver Results: (last run)
                      
                        Accuracy:                     2.859630e-15
                        Desired accuracy:             1.000000e-06
                        Number of iterations:         1
                        Maximum number of iterations: 10000
                      
                      
                      ------------------------------------------------------------------------------
29/Mar/2023 16:39:18  Memory statistics:
                      
                        ----------------------------------------------------------------------------
                                            Peak memory used (kB)         Free physical memory (kB) 
                                                                          At begin     Minimum      
                        ----------------------------------------------------------------------------
                        Solver start        11848                         596848       596744       
                        Solver run total    119584                        597692       540352       
                        ----------------------------------------------------------------------------
                      
                      
                      ------------------------------------------------------------------------------
29/Mar/2023 16:39:21  Creating parametric 1D results for Run ID 1
                      
                      ------------------------------------------------------------------------------
